{"C:\\Users\\Dell\\Downloads\\Project-Phoenix-Devops-\\project-phoenix\\app\\src\\server.js": {"path":"C:\\Users\\Dell\\Downloads\\Project-Phoenix-Devops-\\project-phoenix\\app\\src\\server.js","statementMap":{"0":{"start":{"line":1,"column":16},"end":{"line":1,"column":34}},"1":{"start":{"line":2,"column":13},"end":{"line":2,"column":28}},"2":{"start":{"line":3,"column":15},"end":{"line":3,"column":32}},"3":{"start":{"line":4,"column":15},"end":{"line":4,"column":32}},"4":{"start":{"line":5,"column":15},"end":{"line":5,"column":37}},"5":{"start":{"line":6,"column":23},"end":{"line":6,"column":38}},"6":{"start":{"line":8,"column":12},"end":{"line":8,"column":21}},"7":{"start":{"line":9,"column":13},"end":{"line":9,"column":37}},"8":{"start":{"line":10,"column":20},"end":{"line":10,"column":51}},"9":{"start":{"line":13,"column":30},"end":{"line":13,"column":58}},"10":{"start":{"line":14,"column":0},"end":{"line":14,"column":41}},"11":{"start":{"line":16,"column":28},"end":{"line":21,"column":2}},"12":{"start":{"line":23,"column":25},"end":{"line":27,"column":2}},"13":{"start":{"line":30,"column":0},"end":{"line":30,"column":18}},"14":{"start":{"line":31,"column":0},"end":{"line":31,"column":16}},"15":{"start":{"line":32,"column":0},"end":{"line":32,"column":24}},"16":{"start":{"line":33,"column":0},"end":{"line":33,"column":28}},"17":{"start":{"line":36,"column":0},"end":{"line":43,"column":3}},"18":{"start":{"line":37,"column":14},"end":{"line":37,"column":46}},"19":{"start":{"line":38,"column":2},"end":{"line":41,"column":5}},"20":{"start":{"line":39,"column":4},"end":{"line":39,"column":78}},"21":{"start":{"line":40,"column":4},"end":{"line":40,"column":95}},"22":{"start":{"line":42,"column":2},"end":{"line":42,"column":9}},"23":{"start":{"line":46,"column":15},"end":{"line":53,"column":1}},"24":{"start":{"line":55,"column":11},"end":{"line":55,"column":13}},"25":{"start":{"line":56,"column":13},"end":{"line":56,"column":15}},"26":{"start":{"line":59,"column":0},"end":{"line":66,"column":3}},"27":{"start":{"line":60,"column":2},"end":{"line":65,"column":5}},"28":{"start":{"line":68,"column":0},"end":{"line":71,"column":3}},"29":{"start":{"line":69,"column":2},"end":{"line":69,"column":55}},"30":{"start":{"line":70,"column":2},"end":{"line":70,"column":43}},"31":{"start":{"line":74,"column":0},"end":{"line":80,"column":3}},"32":{"start":{"line":75,"column":31},"end":{"line":75,"column":40}},"33":{"start":{"line":76,"column":15},"end":{"line":76,"column":28}},"34":{"start":{"line":77,"column":2},"end":{"line":77,"column":97}},"35":{"start":{"line":77,"column":16},"end":{"line":77,"column":97}},"36":{"start":{"line":77,"column":44},"end":{"line":77,"column":95}},"37":{"start":{"line":78,"column":2},"end":{"line":78,"column":97}},"38":{"start":{"line":78,"column":16},"end":{"line":78,"column":97}},"39":{"start":{"line":78,"column":44},"end":{"line":78,"column":95}},"40":{"start":{"line":79,"column":2},"end":{"line":79,"column":66}},"41":{"start":{"line":82,"column":0},"end":{"line":86,"column":3}},"42":{"start":{"line":83,"column":18},"end":{"line":83,"column":60}},"43":{"start":{"line":83,"column":37},"end":{"line":83,"column":59}},"44":{"start":{"line":84,"column":2},"end":{"line":84,"column":92}},"45":{"start":{"line":84,"column":16},"end":{"line":84,"column":92}},"46":{"start":{"line":85,"column":2},"end":{"line":85,"column":45}},"47":{"start":{"line":88,"column":0},"end":{"line":96,"column":3}},"48":{"start":{"line":89,"column":50},"end":{"line":89,"column":58}},"49":{"start":{"line":90,"column":2},"end":{"line":92,"column":3}},"50":{"start":{"line":91,"column":4},"end":{"line":91,"column":101}},"51":{"start":{"line":93,"column":18},"end":{"line":93,"column":117}},"52":{"start":{"line":94,"column":2},"end":{"line":94,"column":25}},"53":{"start":{"line":95,"column":2},"end":{"line":95,"column":57}},"54":{"start":{"line":99,"column":0},"end":{"line":103,"column":3}},"55":{"start":{"line":100,"column":19},"end":{"line":100,"column":48}},"56":{"start":{"line":101,"column":16},"end":{"line":101,"column":83}},"57":{"start":{"line":101,"column":47},"end":{"line":101,"column":79}},"58":{"start":{"line":102,"column":2},"end":{"line":102,"column":83}},"59":{"start":{"line":105,"column":0},"end":{"line":118,"column":3}},"60":{"start":{"line":106,"column":38},"end":{"line":106,"column":46}},"61":{"start":{"line":107,"column":18},"end":{"line":107,"column":56}},"62":{"start":{"line":107,"column":37},"end":{"line":107,"column":55}},"63":{"start":{"line":108,"column":2},"end":{"line":108,"column":92}},"64":{"start":{"line":108,"column":16},"end":{"line":108,"column":92}},"65":{"start":{"line":110,"column":2},"end":{"line":110,"column":61}},"66":{"start":{"line":110,"column":32},"end":{"line":110,"column":61}},"67":{"start":{"line":111,"column":19},"end":{"line":111,"column":79}},"68":{"start":{"line":111,"column":53},"end":{"line":111,"column":78}},"69":{"start":{"line":112,"column":2},"end":{"line":116,"column":3}},"70":{"start":{"line":113,"column":4},"end":{"line":113,"column":34}},"71":{"start":{"line":115,"column":4},"end":{"line":115,"column":122}},"72":{"start":{"line":117,"column":2},"end":{"line":117,"column":61}},"73":{"start":{"line":120,"column":0},"end":{"line":125,"column":3}},"74":{"start":{"line":121,"column":2},"end":{"line":123,"column":3}},"75":{"start":{"line":122,"column":4},"end":{"line":122,"column":104}},"76":{"start":{"line":122,"column":66},"end":{"line":122,"column":102}},"77":{"start":{"line":124,"column":2},"end":{"line":124,"column":55}},"78":{"start":{"line":128,"column":0},"end":{"line":145,"column":3}},"79":{"start":{"line":129,"column":19},"end":{"line":129,"column":42}},"80":{"start":{"line":130,"column":2},"end":{"line":132,"column":3}},"81":{"start":{"line":131,"column":4},"end":{"line":131,"column":76}},"82":{"start":{"line":133,"column":16},"end":{"line":133,"column":83}},"83":{"start":{"line":133,"column":47},"end":{"line":133,"column":79}},"84":{"start":{"line":134,"column":16},"end":{"line":141,"column":3}},"85":{"start":{"line":142,"column":2},"end":{"line":142,"column":21}},"86":{"start":{"line":143,"column":2},"end":{"line":143,"column":31}},"87":{"start":{"line":144,"column":2},"end":{"line":144,"column":55}},"88":{"start":{"line":147,"column":0},"end":{"line":150,"column":3}},"89":{"start":{"line":148,"column":21},"end":{"line":148,"column":71}},"90":{"start":{"line":148,"column":40},"end":{"line":148,"column":70}},"91":{"start":{"line":149,"column":2},"end":{"line":149,"column":48}},"92":{"start":{"line":153,"column":0},"end":{"line":155,"column":3}},"93":{"start":{"line":154,"column":2},"end":{"line":154,"column":80}},"94":{"start":{"line":158,"column":0},"end":{"line":162,"column":1}},"95":{"start":{"line":159,"column":2},"end":{"line":161,"column":5}},"96":{"start":{"line":160,"column":4},"end":{"line":160,"column":75}},"97":{"start":{"line":164,"column":0},"end":{"line":164,"column":21}}},"fnMap":{"0":{"name":"(anonymous_0)","decl":{"start":{"line":36,"column":8},"end":{"line":36,"column":9}},"loc":{"start":{"line":36,"column":28},"end":{"line":43,"column":1}},"line":36},"1":{"name":"(anonymous_1)","decl":{"start":{"line":38,"column":19},"end":{"line":38,"column":20}},"loc":{"start":{"line":38,"column":25},"end":{"line":41,"column":3}},"line":38},"2":{"name":"(anonymous_2)","decl":{"start":{"line":59,"column":19},"end":{"line":59,"column":20}},"loc":{"start":{"line":59,"column":33},"end":{"line":66,"column":1}},"line":59},"3":{"name":"(anonymous_3)","decl":{"start":{"line":68,"column":20},"end":{"line":68,"column":21}},"loc":{"start":{"line":68,"column":40},"end":{"line":71,"column":1}},"line":68},"4":{"name":"(anonymous_4)","decl":{"start":{"line":74,"column":25},"end":{"line":74,"column":26}},"loc":{"start":{"line":74,"column":39},"end":{"line":80,"column":1}},"line":74},"5":{"name":"(anonymous_5)","decl":{"start":{"line":77,"column":39},"end":{"line":77,"column":40}},"loc":{"start":{"line":77,"column":44},"end":{"line":77,"column":95}},"line":77},"6":{"name":"(anonymous_6)","decl":{"start":{"line":78,"column":39},"end":{"line":78,"column":40}},"loc":{"start":{"line":78,"column":44},"end":{"line":78,"column":95}},"line":78},"7":{"name":"(anonymous_7)","decl":{"start":{"line":82,"column":29},"end":{"line":82,"column":30}},"loc":{"start":{"line":82,"column":43},"end":{"line":86,"column":1}},"line":82},"8":{"name":"(anonymous_8)","decl":{"start":{"line":83,"column":32},"end":{"line":83,"column":33}},"loc":{"start":{"line":83,"column":37},"end":{"line":83,"column":59}},"line":83},"9":{"name":"(anonymous_9)","decl":{"start":{"line":88,"column":26},"end":{"line":88,"column":27}},"loc":{"start":{"line":88,"column":40},"end":{"line":96,"column":1}},"line":88},"10":{"name":"(anonymous_10)","decl":{"start":{"line":99,"column":29},"end":{"line":99,"column":30}},"loc":{"start":{"line":99,"column":43},"end":{"line":103,"column":1}},"line":99},"11":{"name":"(anonymous_11)","decl":{"start":{"line":101,"column":32},"end":{"line":101,"column":33}},"loc":{"start":{"line":101,"column":47},"end":{"line":101,"column":79}},"line":101},"12":{"name":"(anonymous_12)","decl":{"start":{"line":105,"column":30},"end":{"line":105,"column":31}},"loc":{"start":{"line":105,"column":44},"end":{"line":118,"column":1}},"line":105},"13":{"name":"(anonymous_13)","decl":{"start":{"line":107,"column":32},"end":{"line":107,"column":33}},"loc":{"start":{"line":107,"column":37},"end":{"line":107,"column":55}},"line":107},"14":{"name":"(anonymous_14)","decl":{"start":{"line":111,"column":48},"end":{"line":111,"column":49}},"loc":{"start":{"line":111,"column":53},"end":{"line":111,"column":78}},"line":111},"15":{"name":"(anonymous_15)","decl":{"start":{"line":120,"column":43},"end":{"line":120,"column":44}},"loc":{"start":{"line":120,"column":57},"end":{"line":125,"column":1}},"line":120},"16":{"name":"(anonymous_16)","decl":{"start":{"line":122,"column":61},"end":{"line":122,"column":62}},"loc":{"start":{"line":122,"column":66},"end":{"line":122,"column":102}},"line":122},"17":{"name":"(anonymous_17)","decl":{"start":{"line":128,"column":32},"end":{"line":128,"column":33}},"loc":{"start":{"line":128,"column":46},"end":{"line":145,"column":1}},"line":128},"18":{"name":"(anonymous_18)","decl":{"start":{"line":133,"column":32},"end":{"line":133,"column":33}},"loc":{"start":{"line":133,"column":47},"end":{"line":133,"column":79}},"line":133},"19":{"name":"(anonymous_19)","decl":{"start":{"line":147,"column":31},"end":{"line":147,"column":32}},"loc":{"start":{"line":147,"column":45},"end":{"line":150,"column":1}},"line":147},"20":{"name":"(anonymous_20)","decl":{"start":{"line":148,"column":35},"end":{"line":148,"column":36}},"loc":{"start":{"line":148,"column":40},"end":{"line":148,"column":70}},"line":148},"21":{"name":"(anonymous_21)","decl":{"start":{"line":153,"column":24},"end":{"line":153,"column":25}},"loc":{"start":{"line":153,"column":38},"end":{"line":155,"column":1}},"line":153},"22":{"name":"(anonymous_22)","decl":{"start":{"line":159,"column":19},"end":{"line":159,"column":20}},"loc":{"start":{"line":159,"column":25},"end":{"line":161,"column":3}},"line":159}},"branchMap":{"0":{"loc":{"start":{"line":9,"column":13},"end":{"line":9,"column":37}},"type":"binary-expr","locations":[{"start":{"line":9,"column":13},"end":{"line":9,"column":29}},{"start":{"line":9,"column":33},"end":{"line":9,"column":37}}],"line":9},"1":{"loc":{"start":{"line":10,"column":20},"end":{"line":10,"column":51}},"type":"binary-expr","locations":[{"start":{"line":10,"column":20},"end":{"line":10,"column":43}},{"start":{"line":10,"column":47},"end":{"line":10,"column":51}}],"line":10},"2":{"loc":{"start":{"line":77,"column":2},"end":{"line":77,"column":97}},"type":"if","locations":[{"start":{"line":77,"column":2},"end":{"line":77,"column":97}},{"start":{},"end":{}}],"line":77},"3":{"loc":{"start":{"line":78,"column":2},"end":{"line":78,"column":97}},"type":"if","locations":[{"start":{"line":78,"column":2},"end":{"line":78,"column":97}},{"start":{},"end":{}}],"line":78},"4":{"loc":{"start":{"line":84,"column":2},"end":{"line":84,"column":92}},"type":"if","locations":[{"start":{"line":84,"column":2},"end":{"line":84,"column":92}},{"start":{},"end":{}}],"line":84},"5":{"loc":{"start":{"line":90,"column":2},"end":{"line":92,"column":3}},"type":"if","locations":[{"start":{"line":90,"column":2},"end":{"line":92,"column":3}},{"start":{},"end":{}}],"line":90},"6":{"loc":{"start":{"line":90,"column":6},"end":{"line":90,"column":34}},"type":"binary-expr","locations":[{"start":{"line":90,"column":6},"end":{"line":90,"column":11}},{"start":{"line":90,"column":15},"end":{"line":90,"column":21}},{"start":{"line":90,"column":25},"end":{"line":90,"column":34}}],"line":90},"7":{"loc":{"start":{"line":93,"column":83},"end":{"line":93,"column":93}},"type":"binary-expr","locations":[{"start":{"line":93,"column":83},"end":{"line":93,"column":88}},{"start":{"line":93,"column":92},"end":{"line":93,"column":93}}],"line":93},"8":{"loc":{"start":{"line":93,"column":102},"end":{"line":93,"column":115}},"type":"binary-expr","locations":[{"start":{"line":93,"column":102},"end":{"line":93,"column":107}},{"start":{"line":93,"column":111},"end":{"line":93,"column":115}}],"line":93},"9":{"loc":{"start":{"line":100,"column":19},"end":{"line":100,"column":48}},"type":"binary-expr","locations":[{"start":{"line":100,"column":19},"end":{"line":100,"column":42}},{"start":{"line":100,"column":46},"end":{"line":100,"column":48}}],"line":100},"10":{"loc":{"start":{"line":106,"column":21},"end":{"line":106,"column":33}},"type":"default-arg","locations":[{"start":{"line":106,"column":32},"end":{"line":106,"column":33}}],"line":106},"11":{"loc":{"start":{"line":108,"column":2},"end":{"line":108,"column":92}},"type":"if","locations":[{"start":{"line":108,"column":2},"end":{"line":108,"column":92}},{"start":{},"end":{}}],"line":108},"12":{"loc":{"start":{"line":110,"column":2},"end":{"line":110,"column":61}},"type":"if","locations":[{"start":{"line":110,"column":2},"end":{"line":110,"column":61}},{"start":{},"end":{}}],"line":110},"13":{"loc":{"start":{"line":112,"column":2},"end":{"line":116,"column":3}},"type":"if","locations":[{"start":{"line":112,"column":2},"end":{"line":116,"column":3}},{"start":{"line":114,"column":9},"end":{"line":116,"column":3}}],"line":112},"14":{"loc":{"start":{"line":121,"column":2},"end":{"line":123,"column":3}},"type":"if","locations":[{"start":{"line":121,"column":2},"end":{"line":123,"column":3}},{"start":{},"end":{}}],"line":121},"15":{"loc":{"start":{"line":130,"column":2},"end":{"line":132,"column":3}},"type":"if","locations":[{"start":{"line":130,"column":2},"end":{"line":132,"column":3}},{"start":{},"end":{}}],"line":130},"16":{"loc":{"start":{"line":130,"column":6},"end":{"line":130,"column":40}},"type":"binary-expr","locations":[{"start":{"line":130,"column":6},"end":{"line":130,"column":15}},{"start":{"line":130,"column":19},"end":{"line":130,"column":40}}],"line":130},"17":{"loc":{"start":{"line":154,"column":42},"end":{"line":154,"column":76}},"type":"binary-expr","locations":[{"start":{"line":154,"column":42},"end":{"line":154,"column":66}},{"start":{"line":154,"column":70},"end":{"line":154,"column":76}}],"line":154},"18":{"loc":{"start":{"line":158,"column":0},"end":{"line":162,"column":1}},"type":"if","locations":[{"start":{"line":158,"column":0},"end":{"line":162,"column":1}},{"start":{},"end":{}}],"line":158}},"s":{"0":1,"1":1,"2":1,"3":1,"4":1,"5":1,"6":1,"7":1,"8":1,"9":1,"10":1,"11":1,"12":1,"13":1,"14":1,"15":1,"16":1,"17":1,"18":17,"19":17,"20":17,"21":17,"22":17,"23":1,"24":1,"25":1,"26":1,"27":1,"28":1,"29":0,"30":0,"31":1,"32":2,"33":2,"34":2,"35":1,"36":6,"37":2,"38":0,"39":0,"40":2,"41":1,"42":2,"43":7,"44":2,"45":1,"46":1,"47":1,"48":2,"49":2,"50":1,"51":1,"52":1,"53":1,"54":1,"55":3,"56":3,"57":2,"58":3,"59":1,"60":4,"61":4,"62":8,"63":4,"64":0,"65":4,"66":2,"67":4,"68":3,"69":4,"70":1,"71":3,"72":4,"73":1,"74":0,"75":0,"76":0,"77":0,"78":1,"79":2,"80":2,"81":1,"82":1,"83":1,"84":1,"85":1,"86":1,"87":1,"88":1,"89":0,"90":0,"91":0,"92":1,"93":1,"94":1,"95":0,"96":0,"97":1},"f":{"0":17,"1":17,"2":1,"3":0,"4":2,"5":6,"6":0,"7":2,"8":7,"9":2,"10":3,"11":2,"12":4,"13":8,"14":3,"15":0,"16":0,"17":2,"18":1,"19":0,"20":0,"21":1,"22":0},"b":{"0":[1,1],"1":[1,1],"2":[1,1],"3":[0,2],"4":[1,1],"5":[1,1],"6":[2,1,1],"7":[1,0],"8":[1,1],"9":[3,1],"10":[0],"11":[0,4],"12":[2,2],"13":[1,3],"14":[0,0],"15":[1,1],"16":[2,1],"17":[1,1],"18":[0,1]},"_coverageSchema":"1a1c01bbd47fc00a2c39e90264f33305004495a9","hash":"92229549ec3724c57f46472658e6521517b0f743"}
}
