TN:
SF:src\server.js
FN:36,(anonymous_0)
FN:38,(anonymous_1)
FN:59,(anonymous_2)
FN:68,(anonymous_3)
FN:74,(anonymous_4)
FN:77,(anonymous_5)
FN:78,(anonymous_6)
FN:82,(anonymous_7)
FN:83,(anonymous_8)
FN:88,(anonymous_9)
FN:99,(anonymous_10)
FN:101,(anonymous_11)
FN:105,(anonymous_12)
FN:107,(anonymous_13)
FN:111,(anonymous_14)
FN:120,(anonymous_15)
FN:122,(anonymous_16)
FN:128,(anonymous_17)
FN:133,(anonymous_18)
FN:147,(anonymous_19)
FN:148,(anonymous_20)
FN:153,(anonymous_21)
FN:159,(anonymous_22)
FNF:23
FNH:16
FNDA:17,(anonymous_0)
FNDA:17,(anonymous_1)
FNDA:1,(anonymous_2)
FNDA:0,(anonymous_3)
FNDA:2,(anonymous_4)
FNDA:6,(anonymous_5)
FNDA:0,(anonymous_6)
FNDA:2,(anonymous_7)
FNDA:7,(anonymous_8)
FNDA:2,(anonymous_9)
FNDA:3,(anonymous_10)
FNDA:2,(anonymous_11)
FNDA:4,(anonymous_12)
FNDA:8,(anonymous_13)
FNDA:3,(anonymous_14)
FNDA:0,(anonymous_15)
FNDA:0,(anonymous_16)
FNDA:2,(anonymous_17)
FNDA:1,(anonymous_18)
FNDA:0,(anonymous_19)
FNDA:0,(anonymous_20)
FNDA:1,(anonymous_21)
FNDA:0,(anonymous_22)
DA:1,1
DA:2,1
DA:3,1
DA:4,1
DA:5,1
DA:6,1
DA:8,1
DA:9,1
DA:10,1
DA:13,1
DA:14,1
DA:16,1
DA:23,1
DA:30,1
DA:31,1
DA:32,1
DA:33,1
DA:36,1
DA:37,17
DA:38,17
DA:39,17
DA:40,17
DA:42,17
DA:46,1
DA:55,1
DA:56,1
DA:59,1
DA:60,1
DA:68,1
DA:69,0
DA:70,0
DA:74,1
DA:75,2
DA:76,2
DA:77,6
DA:78,2
DA:79,2
DA:82,1
DA:83,7
DA:84,2
DA:85,1
DA:88,1
DA:89,2
DA:90,2
DA:91,1
DA:93,1
DA:94,1
DA:95,1
DA:99,1
DA:100,3
DA:101,3
DA:102,3
DA:105,1
DA:106,4
DA:107,8
DA:108,4
DA:110,4
DA:111,4
DA:112,4
DA:113,1
DA:115,3
DA:117,4
DA:120,1
DA:121,0
DA:122,0
DA:124,0
DA:128,1
DA:129,2
DA:130,2
DA:131,1
DA:133,1
DA:134,1
DA:142,1
DA:143,1
DA:144,1
DA:147,1
DA:148,0
DA:149,0
DA:153,1
DA:154,1
DA:158,1
DA:159,0
DA:160,0
DA:164,1
LF:84
LH:75
BRDA:9,0,0,1
BRDA:9,0,1,1
BRDA:10,1,0,1
BRDA:10,1,1,1
BRDA:77,2,0,1
BRDA:77,2,1,1
BRDA:78,3,0,0
BRDA:78,3,1,2
BRDA:84,4,0,1
BRDA:84,4,1,1
BRDA:90,5,0,1
BRDA:90,5,1,1
BRDA:90,6,0,2
BRDA:90,6,1,1
BRDA:90,6,2,1
BRDA:93,7,0,1
BRDA:93,7,1,0
BRDA:93,8,0,1
BRDA:93,8,1,1
BRDA:100,9,0,3
BRDA:100,9,1,1
BRDA:106,10,0,0
BRDA:108,11,0,0
BRDA:108,11,1,4
BRDA:110,12,0,2
BRDA:110,12,1,2
BRDA:112,13,0,1
BRDA:112,13,1,3
BRDA:121,14,0,0
BRDA:121,14,1,0
BRDA:130,15,0,1
BRDA:130,15,1,1
BRDA:130,16,0,2
BRDA:130,16,1,1
BRDA:154,17,0,1
BRDA:154,17,1,1
BRDA:158,18,0,0
BRDA:158,18,1,1
BRF:38
BRH:31
end_of_record
